Построение начато 04.12.2017 21:07:02.
     1>Проект "D:\!University\3 курс\ТП\Практика\Git\Star Wars\Star Wars\Star Wars.vcxproj" в узле 2 (целевые объекты build).
     1>InitializeBuildStatus:
         Обращение к "Debug\Star Wars.unsuccessfulbuild".
       GenerateTargetFrameworkMonikerAttribute:
       Целевой объект "GenerateTargetFrameworkMonikerAttribute" пропускается, так как все выходные файлы актуальны по отношению к входным.
       ClCompile:
         Для всех выходных данных обновления не требуется.
         F:\Microsoft Visual Studio 10.0\VC\bin\CL.exe /c /AI"C:\Program Files (x86)\Reference Assemblies\Microsoft\Framework\.NETFramework\v4.0" /Zi /clr:pure /nologo /W3 /WX- /Od /Oy- /D WIN32 /D _DEBUG /D _UNICODE /D UNICODE /EHa /MDd /GS /fp:precise /Zc:wchar_t /Zc:forScope /Yu"StdAfx.h" /Fp"Debug\Star Wars.pch" /Fo"Debug\\" /Fd"Debug\vc100.pdb" /TP /FU"C:\Program Files (x86)\Reference Assemblies\Microsoft\Framework\.NETFramework\v4.0\System.Core.dll" /FU"C:\Program Files (x86)\Reference Assemblies\Microsoft\Framework\.NETFramework\v4.0\System.Data.dll" /FU"C:\Program Files (x86)\Reference Assemblies\Microsoft\Framework\.NETFramework\v4.0\System.dll" /FU"C:\Program Files (x86)\Reference Assemblies\Microsoft\Framework\.NETFramework\v4.0\System.Drawing.dll" /FU"C:\Program Files (x86)\Reference Assemblies\Microsoft\Framework\.NETFramework\v4.0\System.Windows.Forms.dll" /FU"C:\Program Files (x86)\Reference Assemblies\Microsoft\Framework\.NETFramework\v4.0\System.Xml.dll" /analyze- /errorReport:prompt "Star Wars.cpp" /clr:nostdlib 
         Star Wars.cpp
     1>d:\!university\3 курс\тп\практика\git\star wars\star wars\Form1.h(125): warning C4244: аргумент: преобразование "int" в "float", возможна потеря данных
     1>d:\!university\3 курс\тп\практика\git\star wars\star wars\Form1.h(125): warning C4244: аргумент: преобразование "int" в "float", возможна потеря данных
     1>d:\!university\3 курс\тп\практика\git\star wars\star wars\Form1.h(130): warning C4244: аргумент: преобразование "int" в "float", возможна потеря данных
     1>d:\!university\3 курс\тп\практика\git\star wars\star wars\Form1.h(130): warning C4244: аргумент: преобразование "int" в "float", возможна потеря данных
     1>d:\!university\3 курс\тп\практика\git\star wars\star wars\Form1.h(135): warning C4244: аргумент: преобразование "int" в "float", возможна потеря данных
     1>d:\!university\3 курс\тп\практика\git\star wars\star wars\Form1.h(135): warning C4244: аргумент: преобразование "int" в "float", возможна потеря данных
     1>d:\!university\3 курс\тп\практика\git\star wars\star wars\Form1.h(140): warning C4244: аргумент: преобразование "int" в "float", возможна потеря данных
     1>d:\!university\3 курс\тп\практика\git\star wars\star wars\Form1.h(140): warning C4244: аргумент: преобразование "int" в "float", возможна потеря данных
     1>d:\!university\3 курс\тп\практика\git\star wars\star wars\Form1.h(143): warning C4244: аргумент: преобразование "int" в "float", возможна потеря данных
     1>d:\!university\3 курс\тп\практика\git\star wars\star wars\Form1.h(143): warning C4244: аргумент: преобразование "int" в "float", возможна потеря данных
         Для всех выходных данных обновления не требуется.
       CoreResGen:
         Отсутствуют ресурсы, устаревшие по отношению к файлам своих источников. Пропуск формирования ресурсов.
       ResourceCompile:
         Для всех выходных данных обновления не требуется.
       Link:
         F:\Microsoft Visual Studio 10.0\VC\bin\link.exe /ERRORREPORT:PROMPT /OUT:"D:\!University\3 курс\ТП\Практика\Git\Star Wars\Debug\Star Wars.exe" /INCREMENTAL /NOLOGO /ASSEMBLYRESOURCE:Debug\StarWars.Form1.resources /MANIFEST /ManifestFile:"Debug\Star Wars.exe.intermediate.manifest" /MANIFESTUAC:"level='asInvoker' uiAccess='false'" /DEBUG /PDB:"D:\!University\3 курс\ТП\Практика\Git\Star Wars\Debug\Star Wars.pdb" /ASSEMBLYDEBUG /SUBSYSTEM:WINDOWS /TLBID:1 /ENTRY:"main" /DYNAMICBASE /FIXED:NO /NXCOMPAT /MACHINE:X86 Debug\app.res
         Debug\AssemblyInfo.obj
         "Debug\Star Wars.obj"
         Debug\stdafx.obj
         "Debug\.NETFramework,Version=v4.0.AssemblyAttributes.obj"
         Star Wars.vcxproj -> D:\!University\3 курс\ТП\Практика\Git\Star Wars\Debug\Star Wars.exe
       Manifest:
         C:\Program Files (x86)\Microsoft SDKs\Windows\v7.0A\bin\mt.exe /nologo /verbose /outputresource:"D:\!University\3 курс\ТП\Практика\Git\Star Wars\Debug\Star Wars.exe;#1" /manifest "Debug\Star Wars.exe.intermediate.manifest"
       FinalizeBuildStatus:
         Файл "Debug\Star Wars.unsuccessfulbuild" удаляется.
         Обращение к "Debug\Star Wars.lastbuildstate".
     1>Построение проекта "D:\!University\3 курс\ТП\Практика\Git\Star Wars\Star Wars\Star Wars.vcxproj" завершено (целевые объекты build).

Построение успешно завершено.

Затраченное время: 00:00:01.48
